00:21:27 **** Build of configuration Debug for project p1 ****
make all 
Building file: ../test/Ordered_container_demo1.c
Invoking: GCC C Compiler
gcc -O0 -g3 -Wall -c -fmessage-length=0 -MMD -MP -MF"test/Ordered_container_demo1.d" -MT"test/Ordered_container_demo1.d" -o "test/Ordered_container_demo1.o" "../test/Ordered_container_demo1.c"
../test/Ordered_container_demo1.c:14:31: fatal error: Ordered_container.h: No such file or directory
compilation terminated.
make: *** [test/Ordered_container_demo1.o] Error 1

00:21:28 Build Finished (took 539ms)

